D:\C++ PROJECTS\TEST\TEST\TEST\DEBUG\TEST.OBJ
D:\C++ PROJECTS\TEST\TEST\TEST\DEBUG\VC110.PDB
D:\C++ PROJECTS\TEST\TEST\TEST\DEBUG\BINARYSEARCH.OBJ
D:\C++ PROJECTS\TEST\TEST\TEST\DEBUG\TEACHER.OBJ
D:\C++ PROJECTS\TEST\TEST\DEBUG\TEST.ILK
D:\C++ PROJECTS\TEST\TEST\DEBUG\TEST.EXE
D:\C++ PROJECTS\TEST\TEST\DEBUG\TEST.PDB
D:\C++ PROJECTS\TEST\TEST\DEBUG\TEACHER.ILK
D:\C++ PROJECTS\TEST\TEST\DEBUG\TEACHER.EXE
D:\C++ PROJECTS\TEST\TEST\DEBUG\TEACHER.PDB
D:\C++ Projects\Test\Test\Test\Debug\BinarySearch.obj
D:\C++ Projects\Test\Test\Test\Debug\Teacher.obj
D:\C++ Projects\Test\Test\Test\Debug\test.obj
D:\C++ Projects\Test\Test\Test\Debug\cl.command.1.tlog
D:\C++ Projects\Test\Test\Test\Debug\CL.read.1.tlog
D:\C++ Projects\Test\Test\Test\Debug\CL.write.1.tlog
D:\C++ Projects\Test\Test\Test\Debug\link-cvtres.read.1.tlog
D:\C++ Projects\Test\Test\Test\Debug\link-cvtres.write.1.tlog
D:\C++ Projects\Test\Test\Test\Debug\link-rc.read.1.tlog
D:\C++ Projects\Test\Test\Test\Debug\link-rc.write.1.tlog
D:\C++ Projects\Test\Test\Test\Debug\link.10032-cvtres.read.1.tlog
D:\C++ Projects\Test\Test\Test\Debug\link.10032-cvtres.write.1.tlog
D:\C++ Projects\Test\Test\Test\Debug\link.10032-rc.read.1.tlog
D:\C++ Projects\Test\Test\Test\Debug\link.10032-rc.write.1.tlog
D:\C++ Projects\Test\Test\Test\Debug\link.10032.read.1.tlog
D:\C++ Projects\Test\Test\Test\Debug\link.10032.write.1.tlog
D:\C++ Projects\Test\Test\Test\Debug\link.1344-cvtres.read.1.tlog
D:\C++ Projects\Test\Test\Test\Debug\link.1344-cvtres.write.1.tlog
D:\C++ Projects\Test\Test\Test\Debug\link.1344-rc.read.1.tlog
D:\C++ Projects\Test\Test\Test\Debug\link.1344-rc.write.1.tlog
D:\C++ Projects\Test\Test\Test\Debug\link.1344.read.1.tlog
D:\C++ Projects\Test\Test\Test\Debug\link.1344.write.1.tlog
D:\C++ Projects\Test\Test\Test\Debug\link.15192-cvtres.read.1.tlog
D:\C++ Projects\Test\Test\Test\Debug\link.15192-cvtres.write.1.tlog
D:\C++ Projects\Test\Test\Test\Debug\link.15192-rc.read.1.tlog
D:\C++ Projects\Test\Test\Test\Debug\link.15192-rc.write.1.tlog
D:\C++ Projects\Test\Test\Test\Debug\link.15192.read.1.tlog
D:\C++ Projects\Test\Test\Test\Debug\link.15192.write.1.tlog
D:\C++ Projects\Test\Test\Test\Debug\link.3556-cvtres.read.1.tlog
D:\C++ Projects\Test\Test\Test\Debug\link.3556-cvtres.write.1.tlog
D:\C++ Projects\Test\Test\Test\Debug\link.3556-rc.read.1.tlog
D:\C++ Projects\Test\Test\Test\Debug\link.3556-rc.write.1.tlog
D:\C++ Projects\Test\Test\Test\Debug\link.3556.read.1.tlog
D:\C++ Projects\Test\Test\Test\Debug\link.3556.write.1.tlog
D:\C++ Projects\Test\Test\Test\Debug\link.4972-cvtres.read.1.tlog
D:\C++ Projects\Test\Test\Test\Debug\link.4972-cvtres.write.1.tlog
D:\C++ Projects\Test\Test\Test\Debug\link.4972-rc.read.1.tlog
D:\C++ Projects\Test\Test\Test\Debug\link.4972-rc.write.1.tlog
D:\C++ Projects\Test\Test\Test\Debug\link.4972.read.1.tlog
D:\C++ Projects\Test\Test\Test\Debug\link.4972.write.1.tlog
D:\C++ Projects\Test\Test\Test\Debug\link.5312-cvtres.read.1.tlog
D:\C++ Projects\Test\Test\Test\Debug\link.5312-cvtres.write.1.tlog
D:\C++ Projects\Test\Test\Test\Debug\link.5312-rc.read.1.tlog
D:\C++ Projects\Test\Test\Test\Debug\link.5312-rc.write.1.tlog
D:\C++ Projects\Test\Test\Test\Debug\link.5312.read.1.tlog
D:\C++ Projects\Test\Test\Test\Debug\link.5312.write.1.tlog
D:\C++ Projects\Test\Test\Test\Debug\link.6596-cvtres.read.1.tlog
D:\C++ Projects\Test\Test\Test\Debug\link.6596-cvtres.write.1.tlog
D:\C++ Projects\Test\Test\Test\Debug\link.6596-rc.read.1.tlog
D:\C++ Projects\Test\Test\Test\Debug\link.6596-rc.write.1.tlog
D:\C++ Projects\Test\Test\Test\Debug\link.6596.read.1.tlog
D:\C++ Projects\Test\Test\Test\Debug\link.6596.write.1.tlog
D:\C++ Projects\Test\Test\Test\Debug\link.6768-cvtres.read.1.tlog
D:\C++ Projects\Test\Test\Test\Debug\link.6768-cvtres.write.1.tlog
D:\C++ Projects\Test\Test\Test\Debug\link.6768-rc.read.1.tlog
D:\C++ Projects\Test\Test\Test\Debug\link.6768-rc.write.1.tlog
D:\C++ Projects\Test\Test\Test\Debug\link.6768.read.1.tlog
D:\C++ Projects\Test\Test\Test\Debug\link.6768.write.1.tlog
D:\C++ Projects\Test\Test\Test\Debug\link.6852-cvtres.read.1.tlog
D:\C++ Projects\Test\Test\Test\Debug\link.6852-cvtres.write.1.tlog
D:\C++ Projects\Test\Test\Test\Debug\link.6852-rc.read.1.tlog
D:\C++ Projects\Test\Test\Test\Debug\link.6852-rc.write.1.tlog
D:\C++ Projects\Test\Test\Test\Debug\link.6852.read.1.tlog
D:\C++ Projects\Test\Test\Test\Debug\link.6852.write.1.tlog
D:\C++ Projects\Test\Test\Test\Debug\link.6856-cvtres.read.1.tlog
D:\C++ Projects\Test\Test\Test\Debug\link.6856-cvtres.write.1.tlog
D:\C++ Projects\Test\Test\Test\Debug\link.6856-rc.read.1.tlog
D:\C++ Projects\Test\Test\Test\Debug\link.6856-rc.write.1.tlog
D:\C++ Projects\Test\Test\Test\Debug\link.6856.read.1.tlog
D:\C++ Projects\Test\Test\Test\Debug\link.6856.write.1.tlog
D:\C++ Projects\Test\Test\Test\Debug\link.7268-cvtres.read.1.tlog
D:\C++ Projects\Test\Test\Test\Debug\link.7268-cvtres.write.1.tlog
D:\C++ Projects\Test\Test\Test\Debug\link.7268-rc.read.1.tlog
D:\C++ Projects\Test\Test\Test\Debug\link.7268-rc.write.1.tlog
D:\C++ Projects\Test\Test\Test\Debug\link.7268.read.1.tlog
D:\C++ Projects\Test\Test\Test\Debug\link.7268.write.1.tlog
D:\C++ Projects\Test\Test\Test\Debug\link.7284-cvtres.read.1.tlog
D:\C++ Projects\Test\Test\Test\Debug\link.7284-cvtres.write.1.tlog
D:\C++ Projects\Test\Test\Test\Debug\link.7284-rc.read.1.tlog
D:\C++ Projects\Test\Test\Test\Debug\link.7284-rc.write.1.tlog
D:\C++ Projects\Test\Test\Test\Debug\link.7284.read.1.tlog
D:\C++ Projects\Test\Test\Test\Debug\link.7284.write.1.tlog
D:\C++ Projects\Test\Test\Test\Debug\link.8240-cvtres.read.1.tlog
D:\C++ Projects\Test\Test\Test\Debug\link.8240-cvtres.write.1.tlog
D:\C++ Projects\Test\Test\Test\Debug\link.8240-rc.read.1.tlog
D:\C++ Projects\Test\Test\Test\Debug\link.8240-rc.write.1.tlog
D:\C++ Projects\Test\Test\Test\Debug\link.8240.read.1.tlog
D:\C++ Projects\Test\Test\Test\Debug\link.8240.write.1.tlog
D:\C++ Projects\Test\Test\Test\Debug\link.8432-cvtres.read.1.tlog
D:\C++ Projects\Test\Test\Test\Debug\link.8432-cvtres.write.1.tlog
D:\C++ Projects\Test\Test\Test\Debug\link.8432-rc.read.1.tlog
D:\C++ Projects\Test\Test\Test\Debug\link.8432-rc.write.1.tlog
D:\C++ Projects\Test\Test\Test\Debug\link.8432.read.1.tlog
D:\C++ Projects\Test\Test\Test\Debug\link.8432.write.1.tlog
D:\C++ Projects\Test\Test\Test\Debug\link.8452-cvtres.read.1.tlog
D:\C++ Projects\Test\Test\Test\Debug\link.8452-cvtres.write.1.tlog
D:\C++ Projects\Test\Test\Test\Debug\link.8452-rc.read.1.tlog
D:\C++ Projects\Test\Test\Test\Debug\link.8452-rc.write.1.tlog
D:\C++ Projects\Test\Test\Test\Debug\link.8452.read.1.tlog
D:\C++ Projects\Test\Test\Test\Debug\link.8452.write.1.tlog
D:\C++ Projects\Test\Test\Test\Debug\link.9020-cvtres.read.1.tlog
D:\C++ Projects\Test\Test\Test\Debug\link.9020-cvtres.write.1.tlog
D:\C++ Projects\Test\Test\Test\Debug\link.9020-rc.read.1.tlog
D:\C++ Projects\Test\Test\Test\Debug\link.9020-rc.write.1.tlog
D:\C++ Projects\Test\Test\Test\Debug\link.9020.read.1.tlog
D:\C++ Projects\Test\Test\Test\Debug\link.9020.write.1.tlog
D:\C++ Projects\Test\Test\Test\Debug\link.9140-cvtres.read.1.tlog
D:\C++ Projects\Test\Test\Test\Debug\link.9140-cvtres.write.1.tlog
D:\C++ Projects\Test\Test\Test\Debug\link.9140-rc.read.1.tlog
D:\C++ Projects\Test\Test\Test\Debug\link.9140-rc.write.1.tlog
D:\C++ Projects\Test\Test\Test\Debug\link.9140.read.1.tlog
D:\C++ Projects\Test\Test\Test\Debug\link.9140.write.1.tlog
D:\C++ Projects\Test\Test\Test\Debug\link.command.1.tlog
D:\C++ Projects\Test\Test\Test\Debug\link.read.1.tlog
D:\C++ Projects\Test\Test\Test\Debug\link.write.1.tlog
D:\C++ Projects\Test\Test\Test\Debug\vc110.idb
D:\C++ Projects\Test\Test\Test\Debug\vc110.pdb
D:\C++ Projects\Test\Test\Debug\Teacher.pdb
D:\C++ Projects\Test\Test\Debug\Teacher.exe
D:\C++ Projects\Test\Test\Debug\Teacher.ilk
